<?xml version="1.0" encoding="UTF-8"?>
<testng-results skipped="0" failed="0" total="9" passed="9">
  <reporter-output>
  </reporter-output>
  <suite name="Default suite" duration-ms="5438" started-at="2016-12-02T01:14:45Z" finished-at="2016-12-02T01:14:50Z">
    <groups>
    </groups>
    <test name="Default test" duration-ms="5438" started-at="2016-12-02T01:14:45Z" finished-at="2016-12-02T01:14:50Z">
      <class name="com.itunesearchapi.com.rest.ITuneSearchTest">
        <test-method status="PASS" signature="setBaseUri()[pri:0, instance:com.itunesearchapi.com.rest.ITuneSearchTest@2b98378d]" name="setBaseUri" is-config="true" duration-ms="648" started-at="2016-12-01T17:14:45Z" finished-at="2016-12-01T17:14:46Z">
          <reporter-output>
          </reporter-output>
        </test-method> <!-- setBaseUri -->
        <test-method status="PASS" signature="searchWithNoTermValue()[pri:0, instance:com.itunesearchapi.com.rest.ITuneSearchTest@2b98378d]" name="searchWithNoTermValue" duration-ms="2249" started-at="2016-12-01T17:14:46Z" finished-at="2016-12-01T17:14:48Z">
          <reporter-output>
          </reporter-output>
        </test-method> <!-- searchWithNoTermValue -->
        <test-method status="PASS" signature="testWithCountry()[pri:0, instance:com.itunesearchapi.com.rest.ITuneSearchTest@2b98378d]" name="testWithCountry" duration-ms="289" started-at="2016-12-01T17:14:48Z" finished-at="2016-12-01T17:14:48Z">
          <reporter-output>
          </reporter-output>
        </test-method> <!-- testWithCountry -->
        <test-method status="PASS" signature="testWithCountryAndLimit()[pri:0, instance:com.itunesearchapi.com.rest.ITuneSearchTest@2b98378d]" name="testWithCountryAndLimit" duration-ms="301" started-at="2016-12-01T17:14:48Z" finished-at="2016-12-01T17:14:48Z">
          <reporter-output>
          </reporter-output>
        </test-method> <!-- testWithCountryAndLimit -->
        <test-method status="PASS" signature="testWithLimit()[pri:0, instance:com.itunesearchapi.com.rest.ITuneSearchTest@2b98378d]" name="testWithLimit" duration-ms="330" started-at="2016-12-01T17:14:48Z" finished-at="2016-12-01T17:14:49Z">
          <reporter-output>
          </reporter-output>
        </test-method> <!-- testWithLimit -->
        <test-method status="PASS" signature="testWithMedia()[pri:0, instance:com.itunesearchapi.com.rest.ITuneSearchTest@2b98378d]" name="testWithMedia" duration-ms="243" started-at="2016-12-01T17:14:49Z" finished-at="2016-12-01T17:14:49Z">
          <reporter-output>
          </reporter-output>
        </test-method> <!-- testWithMedia -->
        <test-method status="PASS" signature="testWithMediaAndCountry()[pri:0, instance:com.itunesearchapi.com.rest.ITuneSearchTest@2b98378d]" name="testWithMediaAndCountry" duration-ms="290" started-at="2016-12-01T17:14:49Z" finished-at="2016-12-01T17:14:49Z">
          <reporter-output>
          </reporter-output>
        </test-method> <!-- testWithMediaAndCountry -->
        <test-method status="PASS" signature="testWithMediaAndCountryAndLimit()[pri:0, instance:com.itunesearchapi.com.rest.ITuneSearchTest@2b98378d]" name="testWithMediaAndCountryAndLimit" duration-ms="290" started-at="2016-12-01T17:14:49Z" finished-at="2016-12-01T17:14:50Z">
          <reporter-output>
          </reporter-output>
        </test-method> <!-- testWithMediaAndCountryAndLimit -->
        <test-method status="PASS" signature="testWithMediaAndLimit()[pri:0, instance:com.itunesearchapi.com.rest.ITuneSearchTest@2b98378d]" name="testWithMediaAndLimit" duration-ms="330" started-at="2016-12-01T17:14:50Z" finished-at="2016-12-01T17:14:50Z">
          <reporter-output>
          </reporter-output>
        </test-method> <!-- testWithMediaAndLimit -->
        <test-method status="PASS" signature="testWithTerm()[pri:0, instance:com.itunesearchapi.com.rest.ITuneSearchTest@2b98378d]" name="testWithTerm" duration-ms="390" started-at="2016-12-01T17:14:50Z" finished-at="2016-12-01T17:14:50Z">
          <reporter-output>
          </reporter-output>
        </test-method> <!-- testWithTerm -->
      </class> <!-- com.itunesearchapi.com.rest.ITuneSearchTest -->
    </test> <!-- Default test -->
  </suite> <!-- Default suite -->
</testng-results>
