<?xml version="1.0" encoding="UTF-8"?>
<!-- Generated by org.testng.reporters.JUnitXMLReporter -->
<testsuite hostname="LAPTOP-C3PMCVEI" name="Default test" tests="9" failures="0" timestamp="2 Dec 2016 01:14:50 GMT" time="5.438" errors="0">
  <testcase name="searchWithNoTermValue" time="2.249" classname="com.itunesearchapi.com.rest.ITuneSearchTest"/>
  <testcase name="testWithCountry" time="0.289" classname="com.itunesearchapi.com.rest.ITuneSearchTest"/>
  <testcase name="testWithCountryAndLimit" time="0.301" classname="com.itunesearchapi.com.rest.ITuneSearchTest"/>
  <testcase name="testWithLimit" time="0.33" classname="com.itunesearchapi.com.rest.ITuneSearchTest"/>
  <testcase name="testWithMedia" time="0.243" classname="com.itunesearchapi.com.rest.ITuneSearchTest"/>
  <testcase name="testWithMediaAndCountry" time="0.29" classname="com.itunesearchapi.com.rest.ITuneSearchTest"/>
  <testcase name="testWithMediaAndCountryAndLimit" time="0.29" classname="com.itunesearchapi.com.rest.ITuneSearchTest"/>
  <testcase name="testWithMediaAndLimit" time="0.33" classname="com.itunesearchapi.com.rest.ITuneSearchTest"/>
  <testcase name="testWithTerm" time="0.39" classname="com.itunesearchapi.com.rest.ITuneSearchTest"/>
</testsuite> <!-- Default test -->
